<?xml version="1.0" encoding="UTF-8"?>
<!-- Generated by org.testng.reporters.JUnitXMLReporter -->
<testsuite hostname="AmitPachange" ignored="0" name="Default test" tests="3" failures="0" timestamp="21 Feb 2020 14:43:10 GMT" time="46.012" errors="0">
  <testcase name="loginPageTitleTest" time="0.02" classname="com.testpackage.LoginTest"/>
  <testcase name="crmLogoTest" time="0.1" classname="com.testpackage.LoginTest"/>
  <testcase name="loginTest" time="9.836" classname="com.testpackage.LoginTest"/>
</testsuite> <!-- Default test -->
