<?xml version="1.0" encoding="UTF-8"?>
<testng-results skipped="0" failed="0" ignored="0" total="3" passed="3">
  <reporter-output>
  </reporter-output>
  <suite name="Default suite" duration-ms="46012" started-at="2020-02-21T14:42:24Z" finished-at="2020-02-21T14:43:10Z">
    <groups>
    </groups>
    <test name="Default test" duration-ms="46012" started-at="2020-02-21T14:42:24Z" finished-at="2020-02-21T14:43:10Z">
      <class name="com.testpackage.LoginTest">
        <test-method status="PASS" signature="setUp()[pri:0, instance:com.testpackage.LoginTest@1fffcd7]" name="setUp" is-config="true" duration-ms="13719" started-at="2020-02-21T14:42:25Z" finished-at="2020-02-21T14:42:38Z">
          <reporter-output>
          </reporter-output>
        </test-method> <!-- setUp -->
        <test-method status="PASS" signature="loginPageTitleTest()[pri:1, instance:com.testpackage.LoginTest@1fffcd7]" name="loginPageTitleTest" duration-ms="20" started-at="2020-02-21T14:42:38Z" finished-at="2020-02-21T14:42:38Z">
          <reporter-output>
          </reporter-output>
        </test-method> <!-- loginPageTitleTest -->
        <test-method status="PASS" signature="tearDown()[pri:0, instance:com.testpackage.LoginTest@1fffcd7]" name="tearDown" is-config="true" duration-ms="777" started-at="2020-02-21T14:42:38Z" finished-at="2020-02-21T14:42:39Z">
          <reporter-output>
          </reporter-output>
        </test-method> <!-- tearDown -->
        <test-method status="PASS" signature="setUp()[pri:0, instance:com.testpackage.LoginTest@1fffcd7]" name="setUp" is-config="true" duration-ms="9024" started-at="2020-02-21T14:42:39Z" finished-at="2020-02-21T14:42:48Z">
          <reporter-output>
          </reporter-output>
        </test-method> <!-- setUp -->
        <test-method status="PASS" signature="crmLogoTest()[pri:2, instance:com.testpackage.LoginTest@1fffcd7]" name="crmLogoTest" duration-ms="100" started-at="2020-02-21T14:42:48Z" finished-at="2020-02-21T14:42:48Z">
          <reporter-output>
          </reporter-output>
        </test-method> <!-- crmLogoTest -->
        <test-method status="PASS" signature="tearDown()[pri:0, instance:com.testpackage.LoginTest@1fffcd7]" name="tearDown" is-config="true" duration-ms="716" started-at="2020-02-21T14:42:48Z" finished-at="2020-02-21T14:42:49Z">
          <reporter-output>
          </reporter-output>
        </test-method> <!-- tearDown -->
        <test-method status="PASS" signature="setUp()[pri:0, instance:com.testpackage.LoginTest@1fffcd7]" name="setUp" is-config="true" duration-ms="11034" started-at="2020-02-21T14:42:49Z" finished-at="2020-02-21T14:43:00Z">
          <reporter-output>
          </reporter-output>
        </test-method> <!-- setUp -->
        <test-method status="PASS" signature="loginTest()[pri:3, instance:com.testpackage.LoginTest@1fffcd7]" name="loginTest" duration-ms="9836" started-at="2020-02-21T14:43:00Z" finished-at="2020-02-21T14:43:10Z">
          <reporter-output>
          </reporter-output>
        </test-method> <!-- loginTest -->
        <test-method status="PASS" signature="tearDown()[pri:0, instance:com.testpackage.LoginTest@1fffcd7]" name="tearDown" is-config="true" duration-ms="715" started-at="2020-02-21T14:43:10Z" finished-at="2020-02-21T14:43:10Z">
          <reporter-output>
          </reporter-output>
        </test-method> <!-- tearDown -->
      </class> <!-- com.testpackage.LoginTest -->
    </test> <!-- Default test -->
  </suite> <!-- Default suite -->
</testng-results>
